<?xml version="1.0" encoding="utf-8"?><testsuites><testsuite name="pytest" errors="0" failures="0" skipped="0" tests="1" time="0.144" timestamp="2021-04-27T17:11:46.867453" hostname="dlg-air"><testcase classname="tests.test_cache" name="test_cache_full_maxsize_negative" time="0.005" /></testsuite></testsuites>